Unity Editor version:    2020.3.31f1 (6b54b7616050)
Branch:                  2020.3/release
Build type:              Release
Batch mode:              YES
macOS version:           Version 12.2 (Build 21D49)
Darwin version:          21.3.0
Architecture:            x86_64
Running under Rosetta:   NO
Available memory:        8192 MB
Using pre-set license
Pro License: NO

COMMAND LINE ARGUMENTS:
/Applications/Unity/Hub/Editor/2020.3.31f1/Unity.app/Contents/MacOS/Unity
-adb2
-batchMode
-noUpm
-name
AssetImportWorker0
-projectPath
/Users/abrahamharos/Documents/ProyectoGraficas
-logFile
Logs/AssetImportWorker0.log
-srvPort
51226
Successfully changed project path to: /Users/abrahamharos/Documents/ProyectoGraficas
/Users/abrahamharos/Documents/ProyectoGraficas
Using Asset Import Pipeline V2.
Refreshing native plugins compatible for Editor in 78.52 ms, found 2 plugins.
Preloading 0 native plugins for Editor in 0.00 ms.
Initialize engine version: 2020.3.31f1 (6b54b7616050)
[Subsystems] Discovering subsystems at path /Applications/Unity/Hub/Editor/2020.3.31f1/Unity.app/Contents/Resources/UnitySubsystems
[Subsystems] Discovering subsystems at path /Users/abrahamharos/Documents/ProyectoGraficas/Assets
GfxDevice: creating device client; threaded=0
2022-05-19 17:21:52.887 Unity[3806:66791] Color LCD preferred device: Intel(R) Iris(TM) Plus Graphics 640 (low power)
2022-05-19 17:21:52.887 Unity[3806:66791] Metal devices available: 1
2022-05-19 17:21:52.888 Unity[3806:66791] 0: Intel(R) Iris(TM) Plus Graphics 640 (low power)
2022-05-19 17:21:52.888 Unity[3806:66791] Using device Intel(R) Iris(TM) Plus Graphics 640 (low power)
Initializing Metal device caps: Intel(R) Iris(TM) Plus Graphics 640
Initialize mono
Mono path[0] = '/Applications/Unity/Hub/Editor/2020.3.31f1/Unity.app/Contents/Managed'
Mono path[1] = '/Applications/Unity/Hub/Editor/2020.3.31f1/Unity.app/Contents/MonoBleedingEdge/lib/mono/unityjit'
Mono config path = '/Applications/Unity/Hub/Editor/2020.3.31f1/Unity.app/Contents/MonoBleedingEdge/etc'
Using monoOptions --debugger-agent=transport=dt_socket,embedding=1,server=y,suspend=n,address=127.0.0.1:56806
Begin MonoManager ReloadAssembly
Registering precompiled unity dll's ...
Register platform support module: /Applications/Unity/Hub/Editor/2020.3.31f1/PlaybackEngines/WebGLSupport/UnityEditor.WebGL.Extensions.dll
Register platform support module: /Applications/Unity/Hub/Editor/2020.3.31f1/Unity.app/Contents/PlaybackEngines/MacStandaloneSupport/UnityEditor.OSXStandalone.Extensions.dll
Registered in 0.000775 seconds.
Native extension for OSXStandalone target not found
Native extension for WebGL target not found
Refreshing native plugins compatible for Editor in 38.02 ms, found 2 plugins.
Preloading 0 native plugins for Editor in 0.00 ms.
Mono: successfully reloaded assembly
- Completed reload, in  0.782 seconds
Domain Reload Profiling:
	ReloadAssembly (782ms)
		BeginReloadAssembly (76ms)
			ExecutionOrderSort (0ms)
			DisableScriptedObjects (0ms)
			BackupInstance (0ms)
			ReleaseScriptingObjects (0ms)
			CreateAndSetChildDomain (1ms)
		EndReloadAssembly (617ms)
			LoadAssemblies (75ms)
			RebuildTransferFunctionScriptingTraits (0ms)
			SetupTypeCache (231ms)
			ReleaseScriptCaches (0ms)
			RebuildScriptCaches (45ms)
			SetupLoadedEditorAssemblies (225ms)
				LogAssemblyErrors (0ms)
				InitializePlatformSupportModulesInManaged (6ms)
				SetLoadedEditorAssemblies (0ms)
				RefreshPlugins (38ms)
				BeforeProcessingInitializeOnLoad (9ms)
				ProcessInitializeOnLoadAttributes (133ms)
				ProcessInitializeOnLoadMethodAttributes (39ms)
				AfterProcessingInitializeOnLoad (0ms)
				EditorAssembliesLoaded (0ms)
			ExecutionOrderSort2 (0ms)
			AwakeInstancesAfterBackupRestoration (0ms)
Platform modules already initialized, skipping
Registering precompiled user dll's ...
Registered in 0.001238 seconds.
Begin MonoManager ReloadAssembly
Native extension for OSXStandalone target not found
Native extension for WebGL target not found
Refreshing native plugins compatible for Editor in 0.38 ms, found 2 plugins.
Preloading 0 native plugins for Editor in 0.00 ms.
Mono: successfully reloaded assembly
- Completed reload, in  1.518 seconds
Domain Reload Profiling:
	ReloadAssembly (1519ms)
		BeginReloadAssembly (198ms)
			ExecutionOrderSort (0ms)
			DisableScriptedObjects (6ms)
			BackupInstance (0ms)
			ReleaseScriptingObjects (0ms)
			CreateAndSetChildDomain (30ms)
		EndReloadAssembly (1242ms)
			LoadAssemblies (105ms)
			RebuildTransferFunctionScriptingTraits (0ms)
			SetupTypeCache (498ms)
			ReleaseScriptCaches (0ms)
			RebuildScriptCaches (74ms)
			SetupLoadedEditorAssemblies (389ms)
				LogAssemblyErrors (0ms)
				InitializePlatformSupportModulesInManaged (7ms)
				SetLoadedEditorAssemblies (1ms)
				RefreshPlugins (0ms)
				BeforeProcessingInitializeOnLoad (64ms)
				ProcessInitializeOnLoadAttributes (297ms)
				ProcessInitializeOnLoadMethodAttributes (17ms)
				AfterProcessingInitializeOnLoad (2ms)
				EditorAssembliesLoaded (1ms)
			ExecutionOrderSort2 (0ms)
			AwakeInstancesAfterBackupRestoration (13ms)
Platform modules already initialized, skipping
Validating Project structure ... 0.005372 seconds.
Shader import version has changed; will reimport all shaders...
Upgrading shader files ...0.007917 seconds.
Application.AssetDatabase Initial Script Refresh Start
RefreshInfo: InitialScriptRefreshV2(NoUpdateAssetOptions) scanfilter:  ... 1 filters
RefreshProfiler: Total: 0.000ms
Application.AssetDatabase Initial Script Refresh End
Application.AssetDatabase.Refresh Start
Application.AssetDatabase.Refresh End
RefreshInfo: StopAssetImportingV2(ForceSynchronousImport) scanfilter: 
RefreshProfiler: Total: 0.000ms
Launching external process: /Applications/Unity/Hub/Editor/2020.3.31f1/Unity.app/Contents/Tools/UnityShaderCompiler
Launched and connected shader compiler UnityShaderCompiler after 0.02 seconds
Initializing Unity extensions:
2022-05-19 17:21:56.069 Unity[3806:66791] NSEventModifierFlagFunction specified to -setKeyEquivalentModifierMask: for item <NSMenuItem: 0x600002790310 Font Asset, ke='Command-F12'>, but is only supported for system-provided menu items; will not be used
2022-05-19 17:21:56.073 Unity[3806:66791] NSEventModifierFlagFunction specified to -setKeyEquivalentModifierMask: for item <NSMenuItem: 0x6000027e1a40 Font Asset, ke='Command-F12'>, but is only supported for system-provided menu items; will not be used
========================================================================
Worker process is ready to serve import requests
Refreshing native plugins compatible for Editor in 0.46 ms, found 2 plugins.
Preloading 0 native plugins for Editor in 0.00 ms.
Unloading 1512 Unused Serialized files (Serialized files now loaded: 0)
System memory in use before: 179.1 MB.
System memory in use after: 178.3 MB.

Unloading 80 unused Assets to reduce memory usage. Loaded Objects now: 1988.
Total: 3.731068 ms (FindLiveObjects: 0.134659 ms CreateObjectMapping: 0.047861 ms MarkObjects: 2.995231 ms  DeleteObjects: 0.552391 ms)

AssetImportParameters requested are different than current active one (requested -> active):
  custom:video-decoder-ogg-theora: a1e56fd34408186e4bbccfd4996cb3dc -> 
  custom:container-muxer-webm: aa71ff27fc2769a1b78a27578f13a17b -> 
  custom:container-demuxer-webm: 4f35f7cbe854078d1ac9338744f61a02 -> 
  custom:container-demuxer-ogg: 62fdf1f143b41e24485cea50d1cbac27 -> 
  custom:video-encoder-webm-vp8: eb34c28f22e8b96e1ab97ce403110664 -> 
  custom:framework-osx-AVFoundation: e770b220cccbd017edd2c1fefb359320 -> 
  custom:video-decoder-webm-vp8: 9c59270c3fd7afecdb556c50c9e8de78 -> 
  custom:audio-decoder-ogg-vorbis: bf7c407c2cedff20999df2af8eb42d56 -> 
  custom:audio-encoder-webm-vorbis: bf7c407c2cedff20999df2af8eb42d56 -> 
========================================================================
Received Import Request.
  path: Assets/Materials
  artifactKey: Guid(cc9a563aa32334ac4abb21083388d9d0) Importer(815301076,1909f56bfc062723c751e8b465ee728b)
Start importing Assets/Materials using Guid(cc9a563aa32334ac4abb21083388d9d0) Importer(815301076,1909f56bfc062723c751e8b465ee728b)  -> (artifact id: '212085ee634fb74560d3df81f9166f6d') in 0.004902 seconds 
========================================================================
Received Import Request.
  Time since last request: 6.257506 seconds.
  path: Assets/Materials/WallColor.mat
  artifactKey: Guid(a859c518e982c4b718599c4d4f44ac5d) Importer(815301076,1909f56bfc062723c751e8b465ee728b)
Start importing Assets/Materials/WallColor.mat using Guid(a859c518e982c4b718599c4d4f44ac5d) Importer(815301076,1909f56bfc062723c751e8b465ee728b)  -> (artifact id: '9fe40993ca861cf9049e3f75c1799fa1') in 0.363309 seconds 
========================================================================
Received Import Request.
  Time since last request: 31.485759 seconds.
  path: Assets/BigFurniturePack/Textures/cloth_1.jpg
  artifactKey: Guid(db4265b11df6af1438db306cd16c60ee) Importer(815301076,1909f56bfc062723c751e8b465ee728b)
Start importing Assets/BigFurniturePack/Textures/cloth_1.jpg using Guid(db4265b11df6af1438db306cd16c60ee) Importer(815301076,1909f56bfc062723c751e8b465ee728b)  -> (artifact id: '44d6cf3c2b851d804714150df7e376e3') in 0.181777 seconds 
========================================================================
Received Import Request.
  Time since last request: 0.000285 seconds.
  path: Assets/BigFurniturePack/Textures/floor.jpg
  artifactKey: Guid(5b23a0b3534da9b44975ad134ad8033a) Importer(815301076,1909f56bfc062723c751e8b465ee728b)
Start importing Assets/BigFurniturePack/Textures/floor.jpg using Guid(5b23a0b3534da9b44975ad134ad8033a) Importer(815301076,1909f56bfc062723c751e8b465ee728b)  -> (artifact id: '1fa22c052a7048f8960812df1a69adb1') in 0.035008 seconds 
========================================================================
Received Import Request.
  Time since last request: 0.000277 seconds.
  path: Assets/Supercyan Character Pack Free Sample/Textures/free_male_1_body_diffuse.psd
  artifactKey: Guid(66f042053f73a50488acb6b09c6afdd2) Importer(815301076,1909f56bfc062723c751e8b465ee728b)
Start importing Assets/Supercyan Character Pack Free Sample/Textures/free_male_1_body_diffuse.psd using Guid(66f042053f73a50488acb6b09c6afdd2) Importer(815301076,1909f56bfc062723c751e8b465ee728b)  -> (artifact id: 'f42852a8c1f253f2dd51fe8b590eb27c') in 0.233082 seconds 
========================================================================
Received Import Request.
  Time since last request: 0.000240 seconds.
  path: Assets/BigFurniturePack/Textures/cloth_5.jpg
  artifactKey: Guid(b8daff8b7c3733a4c89e2dc3cbd49222) Importer(815301076,1909f56bfc062723c751e8b465ee728b)
Start importing Assets/BigFurniturePack/Textures/cloth_5.jpg using Guid(b8daff8b7c3733a4c89e2dc3cbd49222) Importer(815301076,1909f56bfc062723c751e8b465ee728b)  -> (artifact id: 'eea3b21d083498f191ef16ee94cdeb1e') in 0.011603 seconds 
========================================================================
Received Import Request.
  Time since last request: 0.000262 seconds.
  path: Assets/BigFurniturePack/Textures/floor_nm.jpg
  artifactKey: Guid(e062115192ae44040b73f45112562490) Importer(815301076,1909f56bfc062723c751e8b465ee728b)
Start importing Assets/BigFurniturePack/Textures/floor_nm.jpg using Guid(e062115192ae44040b73f45112562490) Importer(815301076,1909f56bfc062723c751e8b465ee728b)  -> (artifact id: '1af314658f8714fb6717f0ec4321b5e8') in 0.023578 seconds 
========================================================================
Received Import Request.
  Time since last request: 0.000249 seconds.
  path: Assets/BigFurniturePack/Textures/cloth_3.jpg
  artifactKey: Guid(4acc9fdd66048cb4e96d08ca021d5f41) Importer(815301076,1909f56bfc062723c751e8b465ee728b)
Start importing Assets/BigFurniturePack/Textures/cloth_3.jpg using Guid(4acc9fdd66048cb4e96d08ca021d5f41) Importer(815301076,1909f56bfc062723c751e8b465ee728b)  -> (artifact id: 'b5835b98597193c601cfe69e736d3f04') in 0.010104 seconds 
========================================================================
Received Import Request.
  Time since last request: 0.000284 seconds.
  path: Assets/BigFurniturePack/Textures/cloth_4.jpg
  artifactKey: Guid(8742cf5389ec13846ae404783db50532) Importer(815301076,1909f56bfc062723c751e8b465ee728b)
Start importing Assets/BigFurniturePack/Textures/cloth_4.jpg using Guid(8742cf5389ec13846ae404783db50532) Importer(815301076,1909f56bfc062723c751e8b465ee728b)  -> (artifact id: 'ad65ccc0b94314ab85fb4bd8279d148a') in 0.018770 seconds 
========================================================================
Received Import Request.
  Time since last request: 0.000210 seconds.
  path: Assets/BigFurniturePack/Textures/cloth_2.jpg
  artifactKey: Guid(06d346647450a0d4688aa76e20b03d78) Importer(815301076,1909f56bfc062723c751e8b465ee728b)
Start importing Assets/BigFurniturePack/Textures/cloth_2.jpg using Guid(06d346647450a0d4688aa76e20b03d78) Importer(815301076,1909f56bfc062723c751e8b465ee728b)  -> (artifact id: '8ad92f11c46ed7e8ee9cc15ec88667d3') in 0.024446 seconds 
========================================================================
Received Import Request.
  Time since last request: 1.321018 seconds.
  path: Assets/Supercyan Character Pack Free Sample/Textures/free_male_1_head_diffuse.psd
  artifactKey: Guid(e03c11e17f949074ea495c20697e773f) Importer(815301076,1909f56bfc062723c751e8b465ee728b)
Start importing Assets/Supercyan Character Pack Free Sample/Textures/free_male_1_head_diffuse.psd using Guid(e03c11e17f949074ea495c20697e773f) Importer(815301076,1909f56bfc062723c751e8b465ee728b)  -> (artifact id: 'ae3fc6ceed1684c73c07455c28ac6954') in 0.030378 seconds 
========================================================================
Received Import Request.
  Time since last request: 0.000375 seconds.
  path: Assets/BigFurniturePack/Demo/demo/Lightmap-0_comp_dir.png
  artifactKey: Guid(ef9044abbea1bde4aa91ee4747799a80) Importer(815301076,1909f56bfc062723c751e8b465ee728b)
Start importing Assets/BigFurniturePack/Demo/demo/Lightmap-0_comp_dir.png using Guid(ef9044abbea1bde4aa91ee4747799a80) Importer(815301076,1909f56bfc062723c751e8b465ee728b)  -> (artifact id: '0c91d4931d342e3d8a2eb74a8697d4c5') in 0.279033 seconds 
========================================================================
Received Import Request.
  Time since last request: 0.000487 seconds.
  path: Assets/BigFurniturePack/Textures/wood_2.jpg
  artifactKey: Guid(2d3f16073f817e74ca26282b96b3593b) Importer(815301076,1909f56bfc062723c751e8b465ee728b)
Start importing Assets/BigFurniturePack/Textures/wood_2.jpg using Guid(2d3f16073f817e74ca26282b96b3593b) Importer(815301076,1909f56bfc062723c751e8b465ee728b)  -> (artifact id: '7d2ba5b4facce2ef84efc8ebc5109f47') in 0.017208 seconds 
========================================================================
Received Import Request.
  Time since last request: 0.000368 seconds.
  path: Assets/BigFurniturePack/Demo/demo/ReflectionProbe-0.exr
  artifactKey: Guid(d1a6eeffb163095458dc3cef18e0af2c) Importer(815301076,1909f56bfc062723c751e8b465ee728b)
Start importing Assets/BigFurniturePack/Demo/demo/ReflectionProbe-0.exr using Guid(d1a6eeffb163095458dc3cef18e0af2c) Importer(815301076,1909f56bfc062723c751e8b465ee728b)  -> (artifact id: '9ecdc9f3bd6c3c3510b0bf8ad91a248f') in 0.192223 seconds 
========================================================================
Received Import Request.
  Time since last request: 0.000271 seconds.
  path: Assets/BigFurniturePack/Textures/wood_3.JPG
  artifactKey: Guid(b85f57159dd296e40941510cbde61814) Importer(815301076,1909f56bfc062723c751e8b465ee728b)
Start importing Assets/BigFurniturePack/Textures/wood_3.JPG using Guid(b85f57159dd296e40941510cbde61814) Importer(815301076,1909f56bfc062723c751e8b465ee728b)  -> (artifact id: '78c7df1d67230bead42f8487dee9bb9e') in 0.124192 seconds 
========================================================================
Received Import Request.
  Time since last request: 0.000232 seconds.
  path: Assets/Supercyan Character Pack Free Sample/Scenes/DemoScene/ReflectionProbe-0.exr
  artifactKey: Guid(3908bb1c2ff97c94b87da7a13a4f51d6) Importer(815301076,1909f56bfc062723c751e8b465ee728b)
Start importing Assets/Supercyan Character Pack Free Sample/Scenes/DemoScene/ReflectionProbe-0.exr using Guid(3908bb1c2ff97c94b87da7a13a4f51d6) Importer(815301076,1909f56bfc062723c751e8b465ee728b)  -> (artifact id: '93b7901875e079e046201e251e6ab334') in 0.029511 seconds 
========================================================================
Received Import Request.
  Time since last request: 0.000257 seconds.
  path: Assets/BigFurniturePack/Demo/demo/Lightmap-0_comp_light.exr
  artifactKey: Guid(13e67ac74e051d541a34d5c752bfbd3d) Importer(815301076,1909f56bfc062723c751e8b465ee728b)
Start importing Assets/BigFurniturePack/Demo/demo/Lightmap-0_comp_light.exr using Guid(13e67ac74e051d541a34d5c752bfbd3d) Importer(815301076,1909f56bfc062723c751e8b465ee728b)  -> (artifact id: '0dc454113c6965461387c69fa030de7d') in 0.246023 seconds 
========================================================================
Received Import Request.
  Time since last request: 0.000287 seconds.
  path: Assets/Supercyan Character Pack Free Sample/Textures/Legacy/free_shadowRamp.png
  artifactKey: Guid(f3b094c78db5d094e936723d31a0b48e) Importer(815301076,1909f56bfc062723c751e8b465ee728b)
Start importing Assets/Supercyan Character Pack Free Sample/Textures/Legacy/free_shadowRamp.png using Guid(f3b094c78db5d094e936723d31a0b48e) Importer(815301076,1909f56bfc062723c751e8b465ee728b)  -> (artifact id: '5904b69d59be977cf0a935f7a1894769') in 0.019639 seconds 
========================================================================
Received Import Request.
  Time since last request: 0.000237 seconds.
  path: Assets/BigFurniturePack/Textures/wood_1.jpg
  artifactKey: Guid(e985334e4a9d3ab448b77393b5c06265) Importer(815301076,1909f56bfc062723c751e8b465ee728b)
Start importing Assets/BigFurniturePack/Textures/wood_1.jpg using Guid(e985334e4a9d3ab448b77393b5c06265) Importer(815301076,1909f56bfc062723c751e8b465ee728b)  -> (artifact id: '485ea0ed79d5d34de9ac8318e407ce62') in 0.040500 seconds 
